4746024
-23958753
-335851055
-26130995
-31125949
-25251328296
-17767181
-26410525
-26118286
-20415057
-11673629
-23852411
-34872213
-25378478
-23102658488
-14903812
-20747278
-321319854
-1285708085
-137091671
-24712153
-34430119
-30307460
-50682483
-407334139
-30064457
-526386359
-27235493
-46275363
-148816845
-27850456
-62980171
-820856270
-40437852
-318528075
-219560830
-820856270
-31714649
-51500157
-42488070
-172934422
-128272856
-53026571
-198569466
-517605977
-839925209
-67849125
-66241754
-1137015689
-81860330
-66748934
-53382083
-37255457
-2784489319
-167685083
-71328832
-58108413
-81195257
-69933080575
-90319239
-103337714
-106139559
-666421355
-102749289
-2941172183
-83812952
-106712697
-798068943
-442558004
-74970309
-92475909
-101656134
-268593280
-79389785
-73664580
-181851146
-3043704961
-192949149
-72968419971
-86021153
-538892341
-89832537
-257580920
-1000159760
-108360021
-108492681
-56488311
-89727514
-1150883961
-110008046
-266074331
-131417114
-108063051
-121161335
-191889761
-101130559
-128247545
-342451550
-114309207
-185137891
-61535474
-269165472
-250752928
-128528096
-242302305
-78977934
-172236258
-138654302
-47527459
-134354906
-123119021
-465495486
-72599205
-85363372
-69553245
-127204421
-1636637740
-133223345
-164531414
-897720390
-82155340
-171697624
-220745621
-38731399
-109275674
-174903179
-287661339
-88491557
-37081974
-124695610
-90468014
-196063935
-3708792467
-25511349
-89545614
-99034885
-983901188
-78005542
-432182388
-33126296
-112909867
-119883054
-95894884
-77517525
-74776607
-133826488
-109570454
-340523438
-233086416
-71725996
-2379178
-179131886
-110756135
-77218653
-118849086
-92564610
-77818195
-96626854
-60832457
-92017413
-509232998
-389122456
-65592542
-33459259
-442161871
-115704596
-338866780
-117009928
-78210087
-226194169
-79429032
-95862489
-113579447
-230737785
-81536905
-25445224
-61718170
-1861333583
-83764644
-98225165
-777988319
-94838496
-190209570
-1130039824
-101568541
-101076585
-98438109
-110142369
-310808448
-447014023
-436796241
-325376621
-92567380
-368257438
-412759050
-333332850
-166400
-95741613
-74989649
-282555157
-1076208468
-40057694
-127065950
-117768954
-882575480
-121666767
-127828914
-214823933
-530673861
-115138007
-87172996
-96845462
-2819947618
-1351683543
-81928012
-99934833
-380821717
-50113743
-115659567
-78116524
-5883768608
-1379171306
-2571418782
-644651677
-957247283
-99763115
-415636856
-100342114
-622238041
-92552243
-263907393
-94058465
-83393264
-73022390
-97659115
-89207069
-94311354
-45740997
-201122559
-230324769
-292037766
-2825805146
-108602271
-341262506
-547938972
-244544754
-72699251
-100456946
-96281745
-56698563
-376931284
-71167662
-143235148
-646212927
-246266131
-57770292
-4668441616
-25037918
-81640572
1130726
-608104631
-204862662
-53133390
-304007126
-83814985
-50877562
-73069384
-34654337
-64222986
-525197225
-139315831
-810636838
-83283315
-111457321
-18082740
-141740357
-184052224
-18749943
-7781950
-85528607
-142148876
-325591393
-1166689155
-40597127
-94434615
-58024212
-59915686
-58122767
-35778103
-36764421
-39466718
-105465007
-6220500
-969661181
-63062455
-141516200
-6456067
-79032123
-212400993
-154142704
-34875978
-32531175
-54867751
4700174
-45698092
-65814653
-126870913
-42697920
-820032097
-37690712
-636593513
-4910898962
-37875281
-100269290
-146133434
-80574859
-93299103
-5086661
-73964049
-236460879
-70454556
-52029029
-404371498
-133440711
-86466313
-1831813708
-221124566
-96543066
-138642605
-836253407
-256674309
-80250394
-44902918
-66397121
-84296457
-72382724
-4847923566
-698301612
-110321986
-1193760290
-52480478
-137285859
-133405439
-60590557
-69211091
-59639027
-69885330
-35271510
-555312708
-30660638
-9549116
-55181567
-1016844176
-4674083885
-5169018999
-78829908
-617668647
-55499370070
-57470159111
-71078962
-38446142
-162953253
-106289137
-77554518
-216521577
-160427664
-246139397
-268390947
-85098207
-440376250
-262904615
-32946995
-1138956556
-86438891
-177249676
-286159383
-276053941
-170015355
-87670303
-200860886
-73822706
-42125440
-139990432
-844191206
-129837687
-74182931
-79537754
-73868556
-50573471
-131254354
-77152176
-833546761
-93674767
-285784876
-135478872
-74326246
-52495721
-141517551
-59848307
-187397556
-72667406
-60307016
-186690871
-430896042
-52192700
