-195235581
-4571110736
21397578
-119872523
-2370778349
-18026393
-2699206289
-454367
-31022155
-28575047
-3327590659
2884004273
37782184
859007272
-820272
-17016142
-5510952
4524691104
-1394151828
-12879097
29413857
40900230
234186853
17102076678
-1844903
91422763
-1734789
509542
13592314441
250340167
-17292713
-30212919
13634121
7307297
-1395155
15484501
16003578
20311642
14358555
46907053
2564275660
758825231
7261863571
3459922922
-4774969
6412089632
15212478
-8693440
93725097
3736687
-518548
8992469214
7211318798
5259341477
-4797962
-14870367
-302717169
25708359
457957115
7385412
4999787828
5777140
6964212
-410945142
9376399
-10751136
-271651626
-2118386
2405863970
-1171030
160861532
9445259
-20053266
1171450197
-3666523
-1126106
5397457
-13832974
5294410
66422872
38062638
63341870
-5552675
1373320989
92766998
536915340
4251296437
-2374929
36825035
2141211
1777705354
6821202
39102200
5609531
-140137589
2716989600
-11850011
-660776359
-6609771164
3077233
-26443863
-2007862646
-345895019
-16904789477
-2748499734
-20430068732
18400
-13090373
-4849372906
19458222
-14646497499
-11758892294
-189479459
-3369120668
-61183489
-39204747
-164639392
-971423225
-5027503820
957150
-300151558
-595730678
-128128810
-79527741
-14902745
-15697276
-1117994410
-14932655498
-69402378
-2710212354
-28215632763
-16170442
-1668301838
-131706448
-21039966198
-48351910
-4339076
-64170076
-97701442
-974465833
-8282809036
-126898609
14816242
-44074395
-41146367
-2401431212
-20690608675
-75260242
-147976800
-56525782
-84250857
-75393590
-35663113393
-3937831291
-17447779618
-23933074936
-90335477
-76596077
-74087005529
-277885780
-164926425
-63939889
-254771601
-48959398
-85579290
-53469440
-35089388
-261425499
-215719076
-130341717
-31366704
-141247642
-84212250
-18729488553
-207629897
-54864059782
-35948850317
-137463772
-19024884858
-81536553
-371320758
-61897550
-75749632055
-65291112970
-1268621219
-82828474742
-23098315818
-81721233
-100516282
-57783695
-38897673928
-3999386285
-65295328
-152266605
-78372985008
-65484433
-59556506
-160283262
-237096210
-49444693
-63639443
-47641234966
-189299343
-83497543
-77606624
-377503536
-21220087861
-104960040
-70828129
-199572179
-65913719
-207839219
-328469766
-250994155
-38196746
-153703560
-20036145
-51133718
-47434035553
-61970614
-53998826785
-1438318154
-35613903884
-558388710
-511676830
-65751999498
-56899407962
-98245186354
-99059228930
-20923248134
-2142502626
-76019420
-7400668693
-8338960880
-12127604871
-22819088252
-34284182
-100661354
-85860051574
-9008572431
-34141173
-125558042
-45843602103
-63446203416
-311140023
-35359275865
-59348695863
-3839469688
-88362651
-19633165367
-11215651502
2812649
-304667
-80758890
-164787218
-87679899
-11339783313
-50043226
-51973763499
-140244294
-52721746171
-20689998
49911589
-419540429
44666126
-70727696
-25070501583
10982808
2064001703
-28163499419
-49152133
-77958315
-84408037
-6631955257
-364698652
16686421
5471332672
1157795640
-62308122
-15251774149
-23847592
-2294268043
-111859380
43485001
-29121433
-37446067
-1131392
-6335850
-2621510446
-252291302
53661518
-27633700
9173471801
-17881512963
16105391846
-11211694234
55187324
26928849339
-10891257735
-5968850484
-52807446
-12574081479
5715962639
6739680342
41303978
27975089
-81243661
-74328637
14782550700
12893127117
16101816782
118674297
16935271370
-18454827714
17967156587
-4586750838
-29004125
-20554335337
92416246
-43789019
47884586
-52408761
-14710306154
-44452584
19541795271
8863103451
443283516
-44567634
-3539369763
134611911
-5132428324
40488647
18973352
-5506031714
-118358984
-14347625
-390252275
20289518
152828483
26849991
88336732
28759628867
-1241640786
-35580970
-9788073026
1002282723
50426290
15447896
148934311
-926025311
-127281853
91367650
405712544
120547480
49870822
637135235
39133799
6337943089
13891282
15052421243
165961900
3942643727
140705169
2679563603
6990952967
38605373
13672400
33441277802
28828486
126643704
7620955852
263535416
8495582945
111780838
-25904285
45305706
5575176
17595747253
217556758
13937377
394348288
538708839
8092414495
30492259
36485759108
45174493
163914940
108292602
19996483742
22682275788
1327060337
31376857
106161637
770047609
19883051556
18566734
137553633
13131642470
24259928
8295015
355100546
37164236
38533595529
