-121972477
-754733341
-1203187958
-220161580
11091168
-145248764
811308225
-2605389164
3898544449
3355193240
5999328098
4495530876
-1490454846
-332357297
2774803149
2288657849
2123635170
10530223537
9318019349
7861843378
-653369058
9103223968
87255757
1743049541
9020061336
5757477349
12313025295
5648267085
-43509296
8523800918
-835047729
-262224445
3826424614
-752464231
-880904431
-7480761718
-3120782455
6842860934
-4619125699
-8421055626
3922194668
4890165011
3417536594
-4587957980
-3644845920
10901470845
7870268936
-1962540922
-16205498806
5279468284
-586864530
-13074180182
5732156262
-21586201363
3322196136
-30114253252
-1018758576
1109183722
-10007235334
-13562472304
-3701232275
-14553284151
-7104248214
696656451
4896756577
-10022754874
-11124730359
-13439696963
-7460060736
-11532153705
-17844145395
-467119476
802641813
2894311366
3635389867
344486930
-14355702467
5672785901
4945206399
-10839957790
-13533197154
-21872845387
4720874040
7148364620
12703665144
3228022150
7402965684
-25917200239
10206537941
12199387274
-17033343094
3135893730
546125574
-23306349667
-2800649267
-1692703776
5637083312
-5261870941
-9197582533
10445025334
-19899884912
7913419852
-6218455107
-22476023198
491808914
-5529721861
-18613393754
-18608186129
-6734063629
9433730844
-3795295515
-11484542727
7107889023
1498503945
8385003503
-8312486030
18560138848
12530439250
10889257479
9196271391
18018731533
17441081924
-14170662703
-798618489
15402675758
-7378857131
-5124564274
-13573373141
-7834363273
3339948551
20053170456
20898668183
36225164487
38110124760
40345374523
19712137166
33881583195
40934808848
8041737019
33775703166
30236354247
35845953364
34050718721
29755430210
32742826697
6824338590
2391632701
411021782
17707407066
16254730537
-1512455358
41705333461
31007211191
36350490400
-3204187351
24631494344
23837997773
8638560734
285845118
28491334924
17585360968
14741801562
27433155494
-4956609570
31536398628
5847906682
31627881526
-1390126674
14865877658
-486543842
-1983322857
-72863121
-1479924158
-8280731123
-6771432826
34119827527
33048392221
-18460379988
529949565
6146814977
-7961490966
-7682746913
-17260525009
14521267360
-1091058900
-1665463555
15448678985
-1232957681
5308970679
-4186983684
-10139296689
-13695936294
-2369750100
-9672744136
9028330425
38713744169
28052044384
54267038028
-1328952010
-7514791272
51323693139
9542618458
53915258005
-839981296
16842446175
-260716601
6171331050
17064746364
-2003150575
54041354489
11680179540
30804562232
-5651208781
17365908575
55795973777
24937721811
-2780391674
17774156375
-1612141309
36584293425
15174104951
6751546900
486788622
4684484442
419017629
10788438927
45411961505
3743884923
41668823792
29382952729
3935384256
42121263335
-6889411742
-4266189120
54435309875
58244367145
55083415846
-641569620
33799177029
56619481710
20324160974
45842896389
55420694817
48246158576
25546821270
-3962980894
24997811679
-2344086897
2472040394
29247077200
19327963253
29353882455
-6431847067
-5215294115
17658876427
-6951860310
18281120632
32280619665
28633266317
-4164960426
-4648692618
21363729320
-7582388402
-3500053609
19859275992
26451443163
-8761697636
26077582437
-1715317921
-6121366764
42581549109
46081399588
39508287052
15735503150
31442804793
-8694471295
-9344362420
-649403649
21307080150
30890826597
51613970566
-1155283539
-3101352806
-1517989214
33940841046
30110065041
508595215
-621608053
22494753138
29258590772
63163628165
53015546143
47188309114
35062606826
67629890156
301329311
4853887352
61800834620
42723807435
702121390
50436964087
191100994
47181791410
24432391854
61021102677
6520285154
20992245570
2846490373
574136967
3729020498
23032250288
3679386910
310685152
33902005027
230695519
1029698362
1133388799
1878754514
10896160313
-39607428
18537188378
49009656000
24242350572
-137285845
10664735151
-1730046602
17922629284
22351468609
-7072735904
3701082846
-7974806337
-7799206506
-4325246454
-2949897969
-4757920646
19002952046
-197255508
39457948532
37984368032
36615011654
18554079483
4400381051
16411577152
19989885542
5022400316
11510358259
2279729497
1665732102
16078078543
10215921159
14574118745
-907766813
1033093453
-2286733126
27608142149
2155859582
8893476251
16302011104
20348375239
37871398288
51640230708
2575876091
38220270286
15240592312
764367514
263186195
272390822
48240462984
20913636159
18732485481
51251287602
7616192258
43507941073
54025304980
1929634753
1877724917
3937648146
1132941818
15431781052
51271295110
26666864400
36930987889
-18103030806
9259790902
34637222808
-20564551064
2864975205
23065944134
1318789985
26231369895
-9150547751
-12398117823
