-6050170
-211096
295990646
-2402619
-7761360
10350878838
2180439770
2180439770
2213401200
16195221604
7617622
16186945326
13800580206
27215651
17671239195
15872867
3511718
11937126180
14297112409
150518854
63463706
52499580
23618226437
23618226437
18898494183
19469020527
25503734597
25503734597
25503734597
68025400
17487675
25763455
25875899224
29339928079
29339928079
29339928079
29283310451
27249251961
47253689
28814793
29029751
31222538
24382795
12718355646
12718355646
21894318004
14974350247
18660237570
18600056617
19158174
19123854
16693716153
16630111156
25176192451
20268593911
19031259267
23521024703
28046114
29654991027
33623737
138035480
43750810678
80593939
77088577
46334904
37844555766
45916065934
47715147
162919486
200852368
52779162
38281584
46996222432
50528695
25779776985
16474168
21515849
25779776985
12023970085
4106533
7289171982
7307402906
12965863
5517284410
5517284410
-3693630
2511333
2649560
-1369694882
-7024791
-1318888980
-1318888980
2833808
-1858173
-8699629932
-13543664
2522986623
-12851279
980279
8746977176
19345615
16928545982
19748521245
12840723
14065516
18275087
-13083473
17236057
28280748
17610746
17031244291
17031244291
26436000329
24413749053
25228379442
52001034
71866415
17829047886
8497353882
16101203
8522388924
6170462
8262593
16916023
20473552
4030402488
4030402488
-9338630
-9159035638
8409057
-7289377443
-7282098831
-7282098831
-7282098831
-1868989935
-1868989935
-1868989935
-8599492
-1868989935
812582
9419438
11599774993
11599774993
12576871185
440708003
-13773327
-8576293628
-8523346989
-2262864
-8882952
-11447016969
-78594905
-23333956831
-34230189
-25789895
-20313793423
-11091332035
-2360162215
-5333567084
-2472911
-4099421239
-4099421239
-14743478
-4109003565
-14529570
-4109003565
5792718
-17584182
8983096
2521803380
2654231
-15770213
484223669
9934980
447726
-8529747715
13229757
7871031644
83733
7938817502
17012705
25125332248
25125332248
53990848
44902852
24016268399
21322313880
35752895
28586362043
33854099
26475931994
18439438466
392885581
26225916011
81952086
21163121225
23700627
24123589
42143193
14237244
23231041
15426191002
15426191002
42806861
14396166004
46782600
5087633
11786694073
19469211355
18040250593
9237672
35015104
5523359
-10025815854
-30582792
-8915946
-4647952
23542055
12554335453
15545165
80621023
22009041335
20672827433
17525666
25180962
38832254511
39420264021
39420264021
31588368
22567965270
33335504301
33335504301
33335504301
16859614
27097868550
56780203
26838457199
23749138264
23749138264
33265836
80471535
72068855
22157580920
17241489
22157580920
30595792
11992273
22024479
73967324
28881606687
22415097
29063093
15145673
14163387968
8225370153
102442441
16479098362
16479098362
36688196760
313089521
125577102
35037007470
31510471537
42718620
33489350884
33489350884
33540122434
62580856
317057428
47409074085
43545455513
43545455513
40295262878
40295262878
40295262878
40295262878
84224053
30509391267
10648769
9802618
-14609057
-18316851520
-17954741
-22577423
-11680476857
832424
-6988163794
-16455893191
9555859
-66133252
-3423952
-3935644219
-1095731353
-1095731353
-22600443
-6766740214
-9537046
-48310411
-23627334
-15428394417
-26381470
-45933995
-31012382665
-31102581150
-26617876473
-50817575
-16331776
-19698901248
-19698901248
-30176906
-18216403884
-20283059
-27432211267
-56908489
-26496930721
-26506557134
-24873041
-34697790588
-34697790588
-34697790588
-22900023
-28328596394
-28328596394
-28328596394
-36276059
-35438616638
-34011893
-35444394861
-47456658
-37242898034
-43873085
-33312464098
-23850673
-43556899
-27752310
-23189185
-49096128
-27938501450
-27938501450
-35953225
-39327320
-32565605
-45257894922
-45257894922
-49024039786
-49024039786
-49024039786
-41380109
-44748714821
-59017942
-58924597
-50731713539
-39475050
-130345910
-27027181745
-21411026585
-38061356
-39338454
-38674945
-85428683
-47721485556
-13840476
-49602190
-59910421709
-56852847
-150308746
-63526387102
-64901343
-184030641
-32778400196
-43827366
-32778400196
-32778400196
-24786646
-33236181207
-42035531194
-132478886
-53426805
-100112970
-56855601
-51066285074
-56969085402
-52189167
-112942045
-64129260023
-75393558641
